[30-Dec-2019 12:30:50 Europe/Kiev] Enabled PHP logging
[30-Dec-2019 12:30:50 Europe/Kiev] Enabled PHP logging
[30-Dec-2019 12:30:50 Europe/Kiev] Enabled PHP logging
[30-Dec-2019 12:30:51 Europe/Kiev] PHP Fatal error:  Declaration of danog\MadelineProto\Stream\Transport\DefaultStream::getSocket(): Amp\Socket\EncryptableSocket must be compatible with danog\MadelineProto\Stream\StreamInterface::getSocket(): Amp\Socket\Socket in /Users/serik_lav/Documents/sevenpowerx/paradam.loc/vendor/danog/madelineproto/src/danog/MadelineProto/Stream/Transport/DefaultStream.php on line 40
[30-Dec-2019 12:30:51 Europe/Kiev] PHP Stack trace:
[30-Dec-2019 12:30:51 Europe/Kiev] PHP   1. {main}() /Users/serik_lav/Documents/sevenpowerx/paradam.loc/web/index.php:0
[30-Dec-2019 12:30:51 Europe/Kiev] PHP   2. yii\web\Application->run() /Users/serik_lav/Documents/sevenpowerx/paradam.loc/web/index.php:17
[30-Dec-2019 12:30:51 Europe/Kiev] PHP   3. yii\web\Application->handleRequest($request = *uninitialized*) /Users/serik_lav/Documents/sevenpowerx/paradam.loc/vendor/yiisoft/yii2/base/Application.php:386
[30-Dec-2019 12:30:51 Europe/Kiev] PHP   4. yii\web\Application->runAction($route = *uninitialized*, $params = *uninitialized*) /Users/serik_lav/Documents/sevenpowerx/paradam.loc/vendor/yiisoft/yii2/web/Application.php:103
[30-Dec-2019 12:30:51 Europe/Kiev] PHP   5. app\modules\services\controllers\TelegramController->runAction($id = *uninitialized*, $params = *uninitialized*) /Users/serik_lav/Documents/sevenpowerx/paradam.loc/vendor/yiisoft/yii2/base/Module.php:528
[30-Dec-2019 12:30:51 Europe/Kiev] PHP   6. yii\base\InlineAction->runWithParams($params = *uninitialized*) /Users/serik_lav/Documents/sevenpowerx/paradam.loc/vendor/yiisoft/yii2/base/Controller.php:157
[30-Dec-2019 12:30:51 Europe/Kiev] PHP   7. call_user_func_array:{/Users/serik_lav/Documents/sevenpowerx/paradam.loc/vendor/yiisoft/yii2/base/InlineAction.php:57}(*uninitialized*, *uninitialized*) /Users/serik_lav/Documents/sevenpowerx/paradam.loc/vendor/yiisoft/yii2/base/InlineAction.php:57
[30-Dec-2019 12:30:51 Europe/Kiev] PHP   8. app\modules\services\controllers\TelegramController->actionMessage() /Users/serik_lav/Documents/sevenpowerx/paradam.loc/vendor/yiisoft/yii2/base/InlineAction.php:57
[30-Dec-2019 12:30:51 Europe/Kiev] PHP   9. danog\MadelineProto\API->__construct(...$params = variadic(*uninitialized*, *uninitialized*)) /Users/serik_lav/Documents/sevenpowerx/paradam.loc/modules/services/controllers/TelegramController.php:45
[30-Dec-2019 12:30:51 Europe/Kiev] PHP  10. danog\MadelineProto\API->__magic_construct($params = *uninitialized*, $settings = *uninitialized*) /Users/serik_lav/Documents/sevenpowerx/paradam.loc/vendor/danog/magicalserializer/src/danog/Serializable.php:35
[30-Dec-2019 12:30:51 Europe/Kiev] PHP  11. danog\MadelineProto\API->setInitPromise($promise = *uninitialized*) /Users/serik_lav/Documents/sevenpowerx/paradam.loc/vendor/danog/madelineproto/src/danog/MadelineProto/API.php:87
[30-Dec-2019 12:30:51 Europe/Kiev] PHP  12. danog\MadelineProto\Tools::callFork($promise = *uninitialized*, $actual = *uninitialized*, $file = *uninitialized*) /Users/serik_lav/Documents/sevenpowerx/paradam.loc/vendor/danog/madelineproto/src/danog/MadelineProto/Async/AsyncConstruct.php:74
[30-Dec-2019 12:30:51 Europe/Kiev] PHP  13. danog\MadelineProto\Coroutine->__construct($generator = *uninitialized*, $trace = *uninitialized*) /Users/serik_lav/Documents/sevenpowerx/paradam.loc/vendor/danog/madelineproto/src/danog/MadelineProto/Tools.php:461
[30-Dec-2019 12:30:51 Europe/Kiev] PHP  14. Amp\Success->onResolve($onResolved = *uninitialized*) /Users/serik_lav/Documents/sevenpowerx/paradam.loc/vendor/danog/madelineproto/src/danog/MadelineProto/Coroutine.php:178
[30-Dec-2019 12:30:51 Europe/Kiev] PHP  15. danog\MadelineProto\Coroutine->danog\MadelineProto\{closure}($exception = *uninitialized*, $value = *uninitialized*) /Users/serik_lav/Documents/sevenpowerx/paradam.loc/vendor/amphp/amp/lib/Success.php:36
[30-Dec-2019 12:30:51 Europe/Kiev] PHP  16. Generator->send(*uninitialized*) /Users/serik_lav/Documents/sevenpowerx/paradam.loc/vendor/danog/madelineproto/src/danog/MadelineProto/Coroutine.php:139
[30-Dec-2019 12:30:51 Europe/Kiev] PHP  17. danog\MadelineProto\API->__construct_async($params = *uninitialized*, $settings = *uninitialized*, $deferred = *uninitialized*) /Users/serik_lav/Documents/sevenpowerx/paradam.loc/vendor/danog/madelineproto/src/danog/MadelineProto/Coroutine.php:139
[30-Dec-2019 12:30:51 Europe/Kiev] PHP  18. danog\MadelineProto\MTProto->__construct(...$params = variadic(*uninitialized*)) /Users/serik_lav/Documents/sevenpowerx/paradam.loc/vendor/danog/madelineproto/src/danog/MadelineProto/API.php:217
[30-Dec-2019 12:30:51 Europe/Kiev] PHP  19. danog\MadelineProto\MTProto->__magic_construct($settings = *uninitialized*) /Users/serik_lav/Documents/sevenpowerx/paradam.loc/vendor/danog/magicalserializer/src/danog/Serializable.php:35
[30-Dec-2019 12:30:51 Europe/Kiev] PHP  20. danog\MadelineProto\MTProto->setInitPromise($promise = *uninitialized*) /Users/serik_lav/Documents/sevenpowerx/paradam.loc/vendor/danog/madelineproto/src/danog/MadelineProto/MTProto.php:453
[30-Dec-2019 12:30:51 Europe/Kiev] PHP  21. danog\MadelineProto\Tools::callFork($promise = *uninitialized*, $actual = *uninitialized*, $file = *uninitialized*) /Users/serik_lav/Documents/sevenpowerx/paradam.loc/vendor/danog/madelineproto/src/danog/MadelineProto/Async/AsyncConstruct.php:74
[30-Dec-2019 12:30:51 Europe/Kiev] PHP  22. danog\MadelineProto\Coroutine->__construct($generator = *uninitialized*, $trace = *uninitialized*) /Users/serik_lav/Documents/sevenpowerx/paradam.loc/vendor/danog/madelineproto/src/danog/MadelineProto/Tools.php:461
[30-Dec-2019 12:30:51 Europe/Kiev] PHP  23. danog\MadelineProto\Coroutine->onResolve($onResolved = *uninitialized*) /Users/serik_lav/Documents/sevenpowerx/paradam.loc/vendor/danog/madelineproto/src/danog/MadelineProto/Coroutine.php:178
[30-Dec-2019 12:30:51 Europe/Kiev] PHP  24. danog\MadelineProto\Coroutine->danog\MadelineProto\{closure}($exception = *uninitialized*, $value = *uninitialized*) /Users/serik_lav/Documents/sevenpowerx/paradam.loc/vendor/amphp/amp/lib/Internal/Placeholder.php:43
[30-Dec-2019 12:30:51 Europe/Kiev] PHP  25. danog\MadelineProto\Coroutine->__construct($generator = *uninitialized*, $trace = *uninitialized*) /Users/serik_lav/Documents/sevenpowerx/paradam.loc/vendor/danog/madelineproto/src/danog/MadelineProto/Coroutine.php:161
[30-Dec-2019 12:30:51 Europe/Kiev] PHP  26. Generator->current() /Users/serik_lav/Documents/sevenpowerx/paradam.loc/vendor/danog/madelineproto/src/danog/MadelineProto/Coroutine.php:77
[30-Dec-2019 12:30:51 Europe/Kiev] PHP  27. danog\MadelineProto\MTProto->connectToAllDcs($reconnectAll = *uninitialized*) /Users/serik_lav/Documents/sevenpowerx/paradam.loc/vendor/danog/madelineproto/src/danog/MadelineProto/Coroutine.php:77
[30-Dec-2019 12:30:51 Europe/Kiev] PHP  28. danog\MadelineProto\Tools::all($promises = *uninitialized*) /Users/serik_lav/Documents/sevenpowerx/paradam.loc/vendor/danog/madelineproto/src/danog/MadelineProto/MTProto.php:1486
[30-Dec-2019 12:30:51 Europe/Kiev] PHP  29. danog\MadelineProto\Tools::call($promise = *uninitialized*) /Users/serik_lav/Documents/sevenpowerx/paradam.loc/vendor/danog/madelineproto/src/danog/MadelineProto/Tools.php:351
[30-Dec-2019 12:30:51 Europe/Kiev] PHP  30. danog\MadelineProto\Coroutine->__construct($generator = *uninitialized*, $trace = *uninitialized*) /Users/serik_lav/Documents/sevenpowerx/paradam.loc/vendor/danog/madelineproto/src/danog/MadelineProto/Tools.php:429
[30-Dec-2019 12:30:51 Europe/Kiev] PHP  31. Generator->current() /Users/serik_lav/Documents/sevenpowerx/paradam.loc/vendor/danog/madelineproto/src/danog/MadelineProto/Coroutine.php:77
[30-Dec-2019 12:30:51 Europe/Kiev] PHP  32. danog\MadelineProto\DataCenter->dcConnect($dc_number = *uninitialized*, $id = *uninitialized*) /Users/serik_lav/Documents/sevenpowerx/paradam.loc/vendor/danog/madelineproto/src/danog/MadelineProto/Coroutine.php:77
[30-Dec-2019 12:30:51 Europe/Kiev] PHP  33. danog\MadelineProto\DataCenter->generateContexts($dc_number = *uninitialized*, $uri = *uninitialized*, $context = *uninitialized*) /Users/serik_lav/Documents/sevenpowerx/paradam.loc/vendor/danog/madelineproto/src/danog/MadelineProto/DataCenter.php:270
[30-Dec-2019 12:30:51 Europe/Kiev] PHP  34. spl_autoload_call(*uninitialized*) /Users/serik_lav/Documents/sevenpowerx/paradam.loc/vendor/danog/madelineproto/src/danog/MadelineProto/DataCenter.php:313
[30-Dec-2019 12:30:51 Europe/Kiev] PHP  35. Composer\Autoload\ClassLoader->loadClass($class = *uninitialized*) /Users/serik_lav/Documents/sevenpowerx/paradam.loc/vendor/danog/madelineproto/src/danog/MadelineProto/DataCenter.php:313
[30-Dec-2019 12:30:51 Europe/Kiev] PHP  36. Composer\Autoload\includeFile($file = *uninitialized*) /Users/serik_lav/Documents/sevenpowerx/paradam.loc/vendor/composer/ClassLoader.php:322
[30-Dec-2019 12:30:51 Europe/Kiev] PHP  37. include() /Users/serik_lav/Documents/sevenpowerx/paradam.loc/vendor/composer/ClassLoader.php:444
[30-Dec-2019 12:30:52 Europe/Kiev] Enabled PHP logging
[30-Dec-2019 12:30:52 Europe/Kiev] Enabled PHP logging
[30-Dec-2019 12:30:52 Europe/Kiev] Enabled PHP logging
[30-Dec-2019 12:30:53 Europe/Kiev] PHP Fatal error:  Declaration of danog\MadelineProto\Stream\Transport\DefaultStream::getSocket(): Amp\Socket\EncryptableSocket must be compatible with danog\MadelineProto\Stream\StreamInterface::getSocket(): Amp\Socket\Socket in /Users/serik_lav/Documents/sevenpowerx/paradam.loc/vendor/danog/madelineproto/src/danog/MadelineProto/Stream/Transport/DefaultStream.php on line 40
[30-Dec-2019 12:30:53 Europe/Kiev] PHP Stack trace:
[30-Dec-2019 12:30:53 Europe/Kiev] PHP   1. {main}() /Users/serik_lav/Documents/sevenpowerx/paradam.loc/web/index.php:0
[30-Dec-2019 12:30:53 Europe/Kiev] PHP   2. yii\web\Application->run() /Users/serik_lav/Documents/sevenpowerx/paradam.loc/web/index.php:17
[30-Dec-2019 12:30:53 Europe/Kiev] PHP   3. yii\web\Application->handleRequest($request = *uninitialized*) /Users/serik_lav/Documents/sevenpowerx/paradam.loc/vendor/yiisoft/yii2/base/Application.php:386
[30-Dec-2019 12:30:53 Europe/Kiev] PHP   4. yii\web\Application->runAction($route = *uninitialized*, $params = *uninitialized*) /Users/serik_lav/Documents/sevenpowerx/paradam.loc/vendor/yiisoft/yii2/web/Application.php:103
[30-Dec-2019 12:30:53 Europe/Kiev] PHP   5. app\modules\services\controllers\TelegramController->runAction($id = *uninitialized*, $params = *uninitialized*) /Users/serik_lav/Documents/sevenpowerx/paradam.loc/vendor/yiisoft/yii2/base/Module.php:528
[30-Dec-2019 12:30:53 Europe/Kiev] PHP   6. yii\base\InlineAction->runWithParams($params = *uninitialized*) /Users/serik_lav/Documents/sevenpowerx/paradam.loc/vendor/yiisoft/yii2/base/Controller.php:157
[30-Dec-2019 12:30:53 Europe/Kiev] PHP   7. call_user_func_array:{/Users/serik_lav/Documents/sevenpowerx/paradam.loc/vendor/yiisoft/yii2/base/InlineAction.php:57}(*uninitialized*, *uninitialized*) /Users/serik_lav/Documents/sevenpowerx/paradam.loc/vendor/yiisoft/yii2/base/InlineAction.php:57
[30-Dec-2019 12:30:53 Europe/Kiev] PHP   8. app\modules\services\controllers\TelegramController->actionMessage() /Users/serik_lav/Documents/sevenpowerx/paradam.loc/vendor/yiisoft/yii2/base/InlineAction.php:57
[30-Dec-2019 12:30:53 Europe/Kiev] PHP   9. danog\MadelineProto\API->__construct(...$params = variadic(*uninitialized*, *uninitialized*)) /Users/serik_lav/Documents/sevenpowerx/paradam.loc/modules/services/controllers/TelegramController.php:45
[30-Dec-2019 12:30:53 Europe/Kiev] PHP  10. danog\MadelineProto\API->__magic_construct($params = *uninitialized*, $settings = *uninitialized*) /Users/serik_lav/Documents/sevenpowerx/paradam.loc/vendor/danog/magicalserializer/src/danog/Serializable.php:35
[30-Dec-2019 12:30:53 Europe/Kiev] PHP  11. danog\MadelineProto\API->setInitPromise($promise = *uninitialized*) /Users/serik_lav/Documents/sevenpowerx/paradam.loc/vendor/danog/madelineproto/src/danog/MadelineProto/API.php:87
[30-Dec-2019 12:30:53 Europe/Kiev] PHP  12. danog\MadelineProto\Tools::callFork($promise = *uninitialized*, $actual = *uninitialized*, $file = *uninitialized*) /Users/serik_lav/Documents/sevenpowerx/paradam.loc/vendor/danog/madelineproto/src/danog/MadelineProto/Async/AsyncConstruct.php:74
[30-Dec-2019 12:30:53 Europe/Kiev] PHP  13. danog\MadelineProto\Coroutine->__construct($generator = *uninitialized*, $trace = *uninitialized*) /Users/serik_lav/Documents/sevenpowerx/paradam.loc/vendor/danog/madelineproto/src/danog/MadelineProto/Tools.php:461
[30-Dec-2019 12:30:53 Europe/Kiev] PHP  14. Amp\Success->onResolve($onResolved = *uninitialized*) /Users/serik_lav/Documents/sevenpowerx/paradam.loc/vendor/danog/madelineproto/src/danog/MadelineProto/Coroutine.php:178
[30-Dec-2019 12:30:53 Europe/Kiev] PHP  15. danog\MadelineProto\Coroutine->danog\MadelineProto\{closure}($exception = *uninitialized*, $value = *uninitialized*) /Users/serik_lav/Documents/sevenpowerx/paradam.loc/vendor/amphp/amp/lib/Success.php:36
[30-Dec-2019 12:30:53 Europe/Kiev] PHP  16. Generator->send(*uninitialized*) /Users/serik_lav/Documents/sevenpowerx/paradam.loc/vendor/danog/madelineproto/src/danog/MadelineProto/Coroutine.php:139
[30-Dec-2019 12:30:53 Europe/Kiev] PHP  17. danog\MadelineProto\API->__construct_async($params = *uninitialized*, $settings = *uninitialized*, $deferred = *uninitialized*) /Users/serik_lav/Documents/sevenpowerx/paradam.loc/vendor/danog/madelineproto/src/danog/MadelineProto/Coroutine.php:139
[30-Dec-2019 12:30:53 Europe/Kiev] PHP  18. danog\MadelineProto\MTProto->__construct(...$params = variadic(*uninitialized*)) /Users/serik_lav/Documents/sevenpowerx/paradam.loc/vendor/danog/madelineproto/src/danog/MadelineProto/API.php:217
[30-Dec-2019 12:30:53 Europe/Kiev] PHP  19. danog\MadelineProto\MTProto->__magic_construct($settings = *uninitialized*) /Users/serik_lav/Documents/sevenpowerx/paradam.loc/vendor/danog/magicalserializer/src/danog/Serializable.php:35
[30-Dec-2019 12:30:53 Europe/Kiev] PHP  20. danog\MadelineProto\MTProto->setInitPromise($promise = *uninitialized*) /Users/serik_lav/Documents/sevenpowerx/paradam.loc/vendor/danog/madelineproto/src/danog/MadelineProto/MTProto.php:453
[30-Dec-2019 12:30:53 Europe/Kiev] PHP  21. danog\MadelineProto\Tools::callFork($promise = *uninitialized*, $actual = *uninitialized*, $file = *uninitialized*) /Users/serik_lav/Documents/sevenpowerx/paradam.loc/vendor/danog/madelineproto/src/danog/MadelineProto/Async/AsyncConstruct.php:74
[30-Dec-2019 12:30:53 Europe/Kiev] PHP  22. danog\MadelineProto\Coroutine->__construct($generator = *uninitialized*, $trace = *uninitialized*) /Users/serik_lav/Documents/sevenpowerx/paradam.loc/vendor/danog/madelineproto/src/danog/MadelineProto/Tools.php:461
[30-Dec-2019 12:30:53 Europe/Kiev] PHP  23. danog\MadelineProto\Coroutine->onResolve($onResolved = *uninitialized*) /Users/serik_lav/Documents/sevenpowerx/paradam.loc/vendor/danog/madelineproto/src/danog/MadelineProto/Coroutine.php:178
[30-Dec-2019 12:30:53 Europe/Kiev] PHP  24. danog\MadelineProto\Coroutine->danog\MadelineProto\{closure}($exception = *uninitialized*, $value = *uninitialized*) /Users/serik_lav/Documents/sevenpowerx/paradam.loc/vendor/amphp/amp/lib/Internal/Placeholder.php:43
[30-Dec-2019 12:30:53 Europe/Kiev] PHP  25. danog\MadelineProto\Coroutine->__construct($generator = *uninitialized*, $trace = *uninitialized*) /Users/serik_lav/Documents/sevenpowerx/paradam.loc/vendor/danog/madelineproto/src/danog/MadelineProto/Coroutine.php:161
[30-Dec-2019 12:30:53 Europe/Kiev] PHP  26. Generator->current() /Users/serik_lav/Documents/sevenpowerx/paradam.loc/vendor/danog/madelineproto/src/danog/MadelineProto/Coroutine.php:77
[30-Dec-2019 12:30:53 Europe/Kiev] PHP  27. danog\MadelineProto\MTProto->connectToAllDcs($reconnectAll = *uninitialized*) /Users/serik_lav/Documents/sevenpowerx/paradam.loc/vendor/danog/madelineproto/src/danog/MadelineProto/Coroutine.php:77
[30-Dec-2019 12:30:53 Europe/Kiev] PHP  28. danog\MadelineProto\Tools::all($promises = *uninitialized*) /Users/serik_lav/Documents/sevenpowerx/paradam.loc/vendor/danog/madelineproto/src/danog/MadelineProto/MTProto.php:1486
[30-Dec-2019 12:30:53 Europe/Kiev] PHP  29. danog\MadelineProto\Tools::call($promise = *uninitialized*) /Users/serik_lav/Documents/sevenpowerx/paradam.loc/vendor/danog/madelineproto/src/danog/MadelineProto/Tools.php:351
[30-Dec-2019 12:30:53 Europe/Kiev] PHP  30. danog\MadelineProto\Coroutine->__construct($generator = *uninitialized*, $trace = *uninitialized*) /Users/serik_lav/Documents/sevenpowerx/paradam.loc/vendor/danog/madelineproto/src/danog/MadelineProto/Tools.php:429
[30-Dec-2019 12:30:53 Europe/Kiev] PHP  31. Generator->current() /Users/serik_lav/Documents/sevenpowerx/paradam.loc/vendor/danog/madelineproto/src/danog/MadelineProto/Coroutine.php:77
[30-Dec-2019 12:30:53 Europe/Kiev] PHP  32. danog\MadelineProto\DataCenter->dcConnect($dc_number = *uninitialized*, $id = *uninitialized*) /Users/serik_lav/Documents/sevenpowerx/paradam.loc/vendor/danog/madelineproto/src/danog/MadelineProto/Coroutine.php:77
[30-Dec-2019 12:30:53 Europe/Kiev] PHP  33. danog\MadelineProto\DataCenter->generateContexts($dc_number = *uninitialized*, $uri = *uninitialized*, $context = *uninitialized*) /Users/serik_lav/Documents/sevenpowerx/paradam.loc/vendor/danog/madelineproto/src/danog/MadelineProto/DataCenter.php:270
[30-Dec-2019 12:30:53 Europe/Kiev] PHP  34. spl_autoload_call(*uninitialized*) /Users/serik_lav/Documents/sevenpowerx/paradam.loc/vendor/danog/madelineproto/src/danog/MadelineProto/DataCenter.php:313
[30-Dec-2019 12:30:53 Europe/Kiev] PHP  35. Composer\Autoload\ClassLoader->loadClass($class = *uninitialized*) /Users/serik_lav/Documents/sevenpowerx/paradam.loc/vendor/danog/madelineproto/src/danog/MadelineProto/DataCenter.php:313
[30-Dec-2019 12:30:53 Europe/Kiev] PHP  36. Composer\Autoload\includeFile($file = *uninitialized*) /Users/serik_lav/Documents/sevenpowerx/paradam.loc/vendor/composer/ClassLoader.php:322
[30-Dec-2019 12:30:53 Europe/Kiev] PHP  37. include() /Users/serik_lav/Documents/sevenpowerx/paradam.loc/vendor/composer/ClassLoader.php:444
[30-Dec-2019 12:36:30 Europe/Kiev] Enabled PHP logging
[30-Dec-2019 12:36:30 Europe/Kiev] Enabled PHP logging
[30-Dec-2019 12:36:30 Europe/Kiev] Enabled PHP logging
[30-Dec-2019 12:36:31 Europe/Kiev] PHP Fatal error:  Declaration of danog\MadelineProto\Stream\Transport\DefaultStream::getSocket(): Amp\Socket\EncryptableSocket must be compatible with danog\MadelineProto\Stream\StreamInterface::getSocket(): Amp\Socket\Socket in /Users/serik_lav/Documents/sevenpowerx/paradam.loc/vendor/danog/madelineproto/src/danog/MadelineProto/Stream/Transport/DefaultStream.php on line 40
[30-Dec-2019 12:36:31 Europe/Kiev] PHP Stack trace:
[30-Dec-2019 12:36:31 Europe/Kiev] PHP   1. {main}() /Users/serik_lav/Documents/sevenpowerx/paradam.loc/web/index.php:0
[30-Dec-2019 12:36:31 Europe/Kiev] PHP   2. yii\web\Application->run() /Users/serik_lav/Documents/sevenpowerx/paradam.loc/web/index.php:17
[30-Dec-2019 12:36:31 Europe/Kiev] PHP   3. yii\web\Application->handleRequest($request = *uninitialized*) /Users/serik_lav/Documents/sevenpowerx/paradam.loc/vendor/yiisoft/yii2/base/Application.php:386
[30-Dec-2019 12:36:31 Europe/Kiev] PHP   4. yii\web\Application->runAction($route = *uninitialized*, $params = *uninitialized*) /Users/serik_lav/Documents/sevenpowerx/paradam.loc/vendor/yiisoft/yii2/web/Application.php:103
[30-Dec-2019 12:36:31 Europe/Kiev] PHP   5. app\modules\services\controllers\TelegramController->runAction($id = *uninitialized*, $params = *uninitialized*) /Users/serik_lav/Documents/sevenpowerx/paradam.loc/vendor/yiisoft/yii2/base/Module.php:528
[30-Dec-2019 12:36:31 Europe/Kiev] PHP   6. yii\base\InlineAction->runWithParams($params = *uninitialized*) /Users/serik_lav/Documents/sevenpowerx/paradam.loc/vendor/yiisoft/yii2/base/Controller.php:157
[30-Dec-2019 12:36:31 Europe/Kiev] PHP   7. call_user_func_array:{/Users/serik_lav/Documents/sevenpowerx/paradam.loc/vendor/yiisoft/yii2/base/InlineAction.php:57}(*uninitialized*, *uninitialized*) /Users/serik_lav/Documents/sevenpowerx/paradam.loc/vendor/yiisoft/yii2/base/InlineAction.php:57
[30-Dec-2019 12:36:31 Europe/Kiev] PHP   8. app\modules\services\controllers\TelegramController->actionMessage() /Users/serik_lav/Documents/sevenpowerx/paradam.loc/vendor/yiisoft/yii2/base/InlineAction.php:57
[30-Dec-2019 12:36:31 Europe/Kiev] PHP   9. danog\MadelineProto\API->__construct(...$params = variadic(*uninitialized*, *uninitialized*)) /Users/serik_lav/Documents/sevenpowerx/paradam.loc/modules/services/controllers/TelegramController.php:45
[30-Dec-2019 12:36:31 Europe/Kiev] PHP  10. danog\MadelineProto\API->__magic_construct($params = *uninitialized*, $settings = *uninitialized*) /Users/serik_lav/Documents/sevenpowerx/paradam.loc/vendor/danog/magicalserializer/src/danog/Serializable.php:35
[30-Dec-2019 12:36:31 Europe/Kiev] PHP  11. danog\MadelineProto\API->setInitPromise($promise = *uninitialized*) /Users/serik_lav/Documents/sevenpowerx/paradam.loc/vendor/danog/madelineproto/src/danog/MadelineProto/API.php:87
[30-Dec-2019 12:36:31 Europe/Kiev] PHP  12. danog\MadelineProto\Tools::callFork($promise = *uninitialized*, $actual = *uninitialized*, $file = *uninitialized*) /Users/serik_lav/Documents/sevenpowerx/paradam.loc/vendor/danog/madelineproto/src/danog/MadelineProto/Async/AsyncConstruct.php:74
[30-Dec-2019 12:36:31 Europe/Kiev] PHP  13. danog\MadelineProto\Coroutine->__construct($generator = *uninitialized*, $trace = *uninitialized*) /Users/serik_lav/Documents/sevenpowerx/paradam.loc/vendor/danog/madelineproto/src/danog/MadelineProto/Tools.php:461
[30-Dec-2019 12:36:31 Europe/Kiev] PHP  14. Amp\Success->onResolve($onResolved = *uninitialized*) /Users/serik_lav/Documents/sevenpowerx/paradam.loc/vendor/danog/madelineproto/src/danog/MadelineProto/Coroutine.php:178
[30-Dec-2019 12:36:31 Europe/Kiev] PHP  15. danog\MadelineProto\Coroutine->danog\MadelineProto\{closure}($exception = *uninitialized*, $value = *uninitialized*) /Users/serik_lav/Documents/sevenpowerx/paradam.loc/vendor/amphp/amp/lib/Success.php:36
[30-Dec-2019 12:36:31 Europe/Kiev] PHP  16. Generator->send(*uninitialized*) /Users/serik_lav/Documents/sevenpowerx/paradam.loc/vendor/danog/madelineproto/src/danog/MadelineProto/Coroutine.php:139
[30-Dec-2019 12:36:31 Europe/Kiev] PHP  17. danog\MadelineProto\API->__construct_async($params = *uninitialized*, $settings = *uninitialized*, $deferred = *uninitialized*) /Users/serik_lav/Documents/sevenpowerx/paradam.loc/vendor/danog/madelineproto/src/danog/MadelineProto/Coroutine.php:139
[30-Dec-2019 12:36:31 Europe/Kiev] PHP  18. danog\MadelineProto\MTProto->__construct(...$params = variadic(*uninitialized*)) /Users/serik_lav/Documents/sevenpowerx/paradam.loc/vendor/danog/madelineproto/src/danog/MadelineProto/API.php:217
[30-Dec-2019 12:36:31 Europe/Kiev] PHP  19. danog\MadelineProto\MTProto->__magic_construct($settings = *uninitialized*) /Users/serik_lav/Documents/sevenpowerx/paradam.loc/vendor/danog/magicalserializer/src/danog/Serializable.php:35
[30-Dec-2019 12:36:31 Europe/Kiev] PHP  20. danog\MadelineProto\MTProto->setInitPromise($promise = *uninitialized*) /Users/serik_lav/Documents/sevenpowerx/paradam.loc/vendor/danog/madelineproto/src/danog/MadelineProto/MTProto.php:453
[30-Dec-2019 12:36:31 Europe/Kiev] PHP  21. danog\MadelineProto\Tools::callFork($promise = *uninitialized*, $actual = *uninitialized*, $file = *uninitialized*) /Users/serik_lav/Documents/sevenpowerx/paradam.loc/vendor/danog/madelineproto/src/danog/MadelineProto/Async/AsyncConstruct.php:74
[30-Dec-2019 12:36:31 Europe/Kiev] PHP  22. danog\MadelineProto\Coroutine->__construct($generator = *uninitialized*, $trace = *uninitialized*) /Users/serik_lav/Documents/sevenpowerx/paradam.loc/vendor/danog/madelineproto/src/danog/MadelineProto/Tools.php:461
[30-Dec-2019 12:36:31 Europe/Kiev] PHP  23. danog\MadelineProto\Coroutine->onResolve($onResolved = *uninitialized*) /Users/serik_lav/Documents/sevenpowerx/paradam.loc/vendor/danog/madelineproto/src/danog/MadelineProto/Coroutine.php:178
[30-Dec-2019 12:36:31 Europe/Kiev] PHP  24. danog\MadelineProto\Coroutine->danog\MadelineProto\{closure}($exception = *uninitialized*, $value = *uninitialized*) /Users/serik_lav/Documents/sevenpowerx/paradam.loc/vendor/amphp/amp/lib/Internal/Placeholder.php:43
[30-Dec-2019 12:36:31 Europe/Kiev] PHP  25. danog\MadelineProto\Coroutine->__construct($generator = *uninitialized*, $trace = *uninitialized*) /Users/serik_lav/Documents/sevenpowerx/paradam.loc/vendor/danog/madelineproto/src/danog/MadelineProto/Coroutine.php:161
[30-Dec-2019 12:36:31 Europe/Kiev] PHP  26. Generator->current() /Users/serik_lav/Documents/sevenpowerx/paradam.loc/vendor/danog/madelineproto/src/danog/MadelineProto/Coroutine.php:77
[30-Dec-2019 12:36:31 Europe/Kiev] PHP  27. danog\MadelineProto\MTProto->connectToAllDcs($reconnectAll = *uninitialized*) /Users/serik_lav/Documents/sevenpowerx/paradam.loc/vendor/danog/madelineproto/src/danog/MadelineProto/Coroutine.php:77
[30-Dec-2019 12:36:31 Europe/Kiev] PHP  28. danog\MadelineProto\Tools::all($promises = *uninitialized*) /Users/serik_lav/Documents/sevenpowerx/paradam.loc/vendor/danog/madelineproto/src/danog/MadelineProto/MTProto.php:1486
[30-Dec-2019 12:36:31 Europe/Kiev] PHP  29. danog\MadelineProto\Tools::call($promise = *uninitialized*) /Users/serik_lav/Documents/sevenpowerx/paradam.loc/vendor/danog/madelineproto/src/danog/MadelineProto/Tools.php:351
[30-Dec-2019 12:36:31 Europe/Kiev] PHP  30. danog\MadelineProto\Coroutine->__construct($generator = *uninitialized*, $trace = *uninitialized*) /Users/serik_lav/Documents/sevenpowerx/paradam.loc/vendor/danog/madelineproto/src/danog/MadelineProto/Tools.php:429
[30-Dec-2019 12:36:31 Europe/Kiev] PHP  31. Generator->current() /Users/serik_lav/Documents/sevenpowerx/paradam.loc/vendor/danog/madelineproto/src/danog/MadelineProto/Coroutine.php:77
[30-Dec-2019 12:36:31 Europe/Kiev] PHP  32. danog\MadelineProto\DataCenter->dcConnect($dc_number = *uninitialized*, $id = *uninitialized*) /Users/serik_lav/Documents/sevenpowerx/paradam.loc/vendor/danog/madelineproto/src/danog/MadelineProto/Coroutine.php:77
[30-Dec-2019 12:36:31 Europe/Kiev] PHP  33. danog\MadelineProto\DataCenter->generateContexts($dc_number = *uninitialized*, $uri = *uninitialized*, $context = *uninitialized*) /Users/serik_lav/Documents/sevenpowerx/paradam.loc/vendor/danog/madelineproto/src/danog/MadelineProto/DataCenter.php:270
[30-Dec-2019 12:36:31 Europe/Kiev] PHP  34. spl_autoload_call(*uninitialized*) /Users/serik_lav/Documents/sevenpowerx/paradam.loc/vendor/danog/madelineproto/src/danog/MadelineProto/DataCenter.php:313
[30-Dec-2019 12:36:31 Europe/Kiev] PHP  35. Composer\Autoload\ClassLoader->loadClass($class = *uninitialized*) /Users/serik_lav/Documents/sevenpowerx/paradam.loc/vendor/danog/madelineproto/src/danog/MadelineProto/DataCenter.php:313
[30-Dec-2019 12:36:31 Europe/Kiev] PHP  36. Composer\Autoload\includeFile($file = *uninitialized*) /Users/serik_lav/Documents/sevenpowerx/paradam.loc/vendor/composer/ClassLoader.php:322
[30-Dec-2019 12:36:31 Europe/Kiev] PHP  37. include() /Users/serik_lav/Documents/sevenpowerx/paradam.loc/vendor/composer/ClassLoader.php:444
[30-Dec-2019 12:39:37 Europe/Kiev] Enabled PHP logging
[30-Dec-2019 12:39:38 Europe/Kiev] Enabled PHP logging
[30-Dec-2019 12:39:38 Europe/Kiev] Enabled PHP logging
[30-Dec-2019 12:39:38 Europe/Kiev] PHP Fatal error:  Declaration of danog\MadelineProto\Stream\Transport\DefaultStream::getSocket(): Amp\Socket\EncryptableSocket must be compatible with danog\MadelineProto\Stream\StreamInterface::getSocket(): Amp\Socket\Socket in /Users/serik_lav/Documents/sevenpowerx/paradam.loc/vendor/danog/madelineproto/src/danog/MadelineProto/Stream/Transport/DefaultStream.php on line 40
[30-Dec-2019 12:39:38 Europe/Kiev] PHP Stack trace:
[30-Dec-2019 12:39:38 Europe/Kiev] PHP   1. {main}() /Users/serik_lav/Documents/sevenpowerx/paradam.loc/web/index.php:0
[30-Dec-2019 12:39:38 Europe/Kiev] PHP   2. yii\web\Application->run() /Users/serik_lav/Documents/sevenpowerx/paradam.loc/web/index.php:17
[30-Dec-2019 12:39:38 Europe/Kiev] PHP   3. yii\web\Application->handleRequest($request = *uninitialized*) /Users/serik_lav/Documents/sevenpowerx/paradam.loc/vendor/yiisoft/yii2/base/Application.php:386
[30-Dec-2019 12:39:38 Europe/Kiev] PHP   4. yii\web\Application->runAction($route = *uninitialized*, $params = *uninitialized*) /Users/serik_lav/Documents/sevenpowerx/paradam.loc/vendor/yiisoft/yii2/web/Application.php:103
[30-Dec-2019 12:39:38 Europe/Kiev] PHP   5. app\modules\services\controllers\TelegramController->runAction($id = *uninitialized*, $params = *uninitialized*) /Users/serik_lav/Documents/sevenpowerx/paradam.loc/vendor/yiisoft/yii2/base/Module.php:528
[30-Dec-2019 12:39:38 Europe/Kiev] PHP   6. yii\base\InlineAction->runWithParams($params = *uninitialized*) /Users/serik_lav/Documents/sevenpowerx/paradam.loc/vendor/yiisoft/yii2/base/Controller.php:157
[30-Dec-2019 12:39:38 Europe/Kiev] PHP   7. call_user_func_array:{/Users/serik_lav/Documents/sevenpowerx/paradam.loc/vendor/yiisoft/yii2/base/InlineAction.php:57}(*uninitialized*, *uninitialized*) /Users/serik_lav/Documents/sevenpowerx/paradam.loc/vendor/yiisoft/yii2/base/InlineAction.php:57
[30-Dec-2019 12:39:38 Europe/Kiev] PHP   8. app\modules\services\controllers\TelegramController->actionMessage() /Users/serik_lav/Documents/sevenpowerx/paradam.loc/vendor/yiisoft/yii2/base/InlineAction.php:57
[30-Dec-2019 12:39:38 Europe/Kiev] PHP   9. danog\MadelineProto\API->__construct(...$params = variadic(*uninitialized*, *uninitialized*)) /Users/serik_lav/Documents/sevenpowerx/paradam.loc/modules/services/controllers/TelegramController.php:45
[30-Dec-2019 12:39:38 Europe/Kiev] PHP  10. danog\MadelineProto\API->__magic_construct($params = *uninitialized*, $settings = *uninitialized*) /Users/serik_lav/Documents/sevenpowerx/paradam.loc/vendor/danog/magicalserializer/src/danog/Serializable.php:35
[30-Dec-2019 12:39:38 Europe/Kiev] PHP  11. danog\MadelineProto\API->setInitPromise($promise = *uninitialized*) /Users/serik_lav/Documents/sevenpowerx/paradam.loc/vendor/danog/madelineproto/src/danog/MadelineProto/API.php:87
[30-Dec-2019 12:39:38 Europe/Kiev] PHP  12. danog\MadelineProto\Tools::callFork($promise = *uninitialized*, $actual = *uninitialized*, $file = *uninitialized*) /Users/serik_lav/Documents/sevenpowerx/paradam.loc/vendor/danog/madelineproto/src/danog/MadelineProto/Async/AsyncConstruct.php:74
[30-Dec-2019 12:39:38 Europe/Kiev] PHP  13. danog\MadelineProto\Coroutine->__construct($generator = *uninitialized*, $trace = *uninitialized*) /Users/serik_lav/Documents/sevenpowerx/paradam.loc/vendor/danog/madelineproto/src/danog/MadelineProto/Tools.php:461
[30-Dec-2019 12:39:38 Europe/Kiev] PHP  14. Amp\Success->onResolve($onResolved = *uninitialized*) /Users/serik_lav/Documents/sevenpowerx/paradam.loc/vendor/danog/madelineproto/src/danog/MadelineProto/Coroutine.php:178
[30-Dec-2019 12:39:38 Europe/Kiev] PHP  15. danog\MadelineProto\Coroutine->danog\MadelineProto\{closure}($exception = *uninitialized*, $value = *uninitialized*) /Users/serik_lav/Documents/sevenpowerx/paradam.loc/vendor/amphp/amp/lib/Success.php:36
[30-Dec-2019 12:39:38 Europe/Kiev] PHP  16. Generator->send(*uninitialized*) /Users/serik_lav/Documents/sevenpowerx/paradam.loc/vendor/danog/madelineproto/src/danog/MadelineProto/Coroutine.php:139
[30-Dec-2019 12:39:38 Europe/Kiev] PHP  17. danog\MadelineProto\API->__construct_async($params = *uninitialized*, $settings = *uninitialized*, $deferred = *uninitialized*) /Users/serik_lav/Documents/sevenpowerx/paradam.loc/vendor/danog/madelineproto/src/danog/MadelineProto/Coroutine.php:139
[30-Dec-2019 12:39:38 Europe/Kiev] PHP  18. danog\MadelineProto\MTProto->__construct(...$params = variadic(*uninitialized*)) /Users/serik_lav/Documents/sevenpowerx/paradam.loc/vendor/danog/madelineproto/src/danog/MadelineProto/API.php:217
[30-Dec-2019 12:39:38 Europe/Kiev] PHP  19. danog\MadelineProto\MTProto->__magic_construct($settings = *uninitialized*) /Users/serik_lav/Documents/sevenpowerx/paradam.loc/vendor/danog/magicalserializer/src/danog/Serializable.php:35
[30-Dec-2019 12:39:38 Europe/Kiev] PHP  20. danog\MadelineProto\MTProto->setInitPromise($promise = *uninitialized*) /Users/serik_lav/Documents/sevenpowerx/paradam.loc/vendor/danog/madelineproto/src/danog/MadelineProto/MTProto.php:453
[30-Dec-2019 12:39:38 Europe/Kiev] PHP  21. danog\MadelineProto\Tools::callFork($promise = *uninitialized*, $actual = *uninitialized*, $file = *uninitialized*) /Users/serik_lav/Documents/sevenpowerx/paradam.loc/vendor/danog/madelineproto/src/danog/MadelineProto/Async/AsyncConstruct.php:74
[30-Dec-2019 12:39:38 Europe/Kiev] PHP  22. danog\MadelineProto\Coroutine->__construct($generator = *uninitialized*, $trace = *uninitialized*) /Users/serik_lav/Documents/sevenpowerx/paradam.loc/vendor/danog/madelineproto/src/danog/MadelineProto/Tools.php:461
[30-Dec-2019 12:39:38 Europe/Kiev] PHP  23. danog\MadelineProto\Coroutine->onResolve($onResolved = *uninitialized*) /Users/serik_lav/Documents/sevenpowerx/paradam.loc/vendor/danog/madelineproto/src/danog/MadelineProto/Coroutine.php:178
[30-Dec-2019 12:39:38 Europe/Kiev] PHP  24. danog\MadelineProto\Coroutine->danog\MadelineProto\{closure}($exception = *uninitialized*, $value = *uninitialized*) /Users/serik_lav/Documents/sevenpowerx/paradam.loc/vendor/amphp/amp/lib/Internal/Placeholder.php:43
[30-Dec-2019 12:39:38 Europe/Kiev] PHP  25. danog\MadelineProto\Coroutine->__construct($generator = *uninitialized*, $trace = *uninitialized*) /Users/serik_lav/Documents/sevenpowerx/paradam.loc/vendor/danog/madelineproto/src/danog/MadelineProto/Coroutine.php:161
[30-Dec-2019 12:39:38 Europe/Kiev] PHP  26. Generator->current() /Users/serik_lav/Documents/sevenpowerx/paradam.loc/vendor/danog/madelineproto/src/danog/MadelineProto/Coroutine.php:77
[30-Dec-2019 12:39:38 Europe/Kiev] PHP  27. danog\MadelineProto\MTProto->connectToAllDcs($reconnectAll = *uninitialized*) /Users/serik_lav/Documents/sevenpowerx/paradam.loc/vendor/danog/madelineproto/src/danog/MadelineProto/Coroutine.php:77
[30-Dec-2019 12:39:38 Europe/Kiev] PHP  28. danog\MadelineProto\Tools::all($promises = *uninitialized*) /Users/serik_lav/Documents/sevenpowerx/paradam.loc/vendor/danog/madelineproto/src/danog/MadelineProto/MTProto.php:1486
[30-Dec-2019 12:39:38 Europe/Kiev] PHP  29. danog\MadelineProto\Tools::call($promise = *uninitialized*) /Users/serik_lav/Documents/sevenpowerx/paradam.loc/vendor/danog/madelineproto/src/danog/MadelineProto/Tools.php:351
[30-Dec-2019 12:39:38 Europe/Kiev] PHP  30. danog\MadelineProto\Coroutine->__construct($generator = *uninitialized*, $trace = *uninitialized*) /Users/serik_lav/Documents/sevenpowerx/paradam.loc/vendor/danog/madelineproto/src/danog/MadelineProto/Tools.php:429
[30-Dec-2019 12:39:38 Europe/Kiev] PHP  31. Generator->current() /Users/serik_lav/Documents/sevenpowerx/paradam.loc/vendor/danog/madelineproto/src/danog/MadelineProto/Coroutine.php:77
[30-Dec-2019 12:39:38 Europe/Kiev] PHP  32. danog\MadelineProto\DataCenter->dcConnect($dc_number = *uninitialized*, $id = *uninitialized*) /Users/serik_lav/Documents/sevenpowerx/paradam.loc/vendor/danog/madelineproto/src/danog/MadelineProto/Coroutine.php:77
[30-Dec-2019 12:39:38 Europe/Kiev] PHP  33. danog\MadelineProto\DataCenter->generateContexts($dc_number = *uninitialized*, $uri = *uninitialized*, $context = *uninitialized*) /Users/serik_lav/Documents/sevenpowerx/paradam.loc/vendor/danog/madelineproto/src/danog/MadelineProto/DataCenter.php:270
[30-Dec-2019 12:39:38 Europe/Kiev] PHP  34. spl_autoload_call(*uninitialized*) /Users/serik_lav/Documents/sevenpowerx/paradam.loc/vendor/danog/madelineproto/src/danog/MadelineProto/DataCenter.php:313
[30-Dec-2019 12:39:38 Europe/Kiev] PHP  35. Composer\Autoload\ClassLoader->loadClass($class = *uninitialized*) /Users/serik_lav/Documents/sevenpowerx/paradam.loc/vendor/danog/madelineproto/src/danog/MadelineProto/DataCenter.php:313
[30-Dec-2019 12:39:38 Europe/Kiev] PHP  36. Composer\Autoload\includeFile($file = *uninitialized*) /Users/serik_lav/Documents/sevenpowerx/paradam.loc/vendor/composer/ClassLoader.php:322
[30-Dec-2019 12:39:38 Europe/Kiev] PHP  37. include() /Users/serik_lav/Documents/sevenpowerx/paradam.loc/vendor/composer/ClassLoader.php:444
[30-Dec-2019 12:40:02 Europe/Kiev] Enabled PHP logging
[30-Dec-2019 12:40:02 Europe/Kiev] Enabled PHP logging
[30-Dec-2019 12:40:02 Europe/Kiev] Enabled PHP logging
[30-Dec-2019 12:40:03 Europe/Kiev] PHP Fatal error:  Declaration of danog\MadelineProto\Stream\Transport\DefaultStream::getSocket(): Amp\Socket\EncryptableSocket must be compatible with danog\MadelineProto\Stream\StreamInterface::getSocket(): Amp\Socket\Socket in /Users/serik_lav/Documents/sevenpowerx/paradam.loc/vendor/danog/madelineproto/src/danog/MadelineProto/Stream/Transport/DefaultStream.php on line 40
[30-Dec-2019 12:40:03 Europe/Kiev] PHP Stack trace:
[30-Dec-2019 12:40:03 Europe/Kiev] PHP   1. {main}() /Users/serik_lav/Documents/sevenpowerx/paradam.loc/web/index.php:0
[30-Dec-2019 12:40:03 Europe/Kiev] PHP   2. yii\web\Application->run() /Users/serik_lav/Documents/sevenpowerx/paradam.loc/web/index.php:17
[30-Dec-2019 12:40:03 Europe/Kiev] PHP   3. yii\web\Application->handleRequest($request = *uninitialized*) /Users/serik_lav/Documents/sevenpowerx/paradam.loc/vendor/yiisoft/yii2/base/Application.php:386
[30-Dec-2019 12:40:03 Europe/Kiev] PHP   4. yii\web\Application->runAction($route = *uninitialized*, $params = *uninitialized*) /Users/serik_lav/Documents/sevenpowerx/paradam.loc/vendor/yiisoft/yii2/web/Application.php:103
[30-Dec-2019 12:40:03 Europe/Kiev] PHP   5. app\modules\services\controllers\TelegramController->runAction($id = *uninitialized*, $params = *uninitialized*) /Users/serik_lav/Documents/sevenpowerx/paradam.loc/vendor/yiisoft/yii2/base/Module.php:528
[30-Dec-2019 12:40:03 Europe/Kiev] PHP   6. yii\base\InlineAction->runWithParams($params = *uninitialized*) /Users/serik_lav/Documents/sevenpowerx/paradam.loc/vendor/yiisoft/yii2/base/Controller.php:157
[30-Dec-2019 12:40:03 Europe/Kiev] PHP   7. call_user_func_array:{/Users/serik_lav/Documents/sevenpowerx/paradam.loc/vendor/yiisoft/yii2/base/InlineAction.php:57}(*uninitialized*, *uninitialized*) /Users/serik_lav/Documents/sevenpowerx/paradam.loc/vendor/yiisoft/yii2/base/InlineAction.php:57
[30-Dec-2019 12:40:03 Europe/Kiev] PHP   8. app\modules\services\controllers\TelegramController->actionMessage() /Users/serik_lav/Documents/sevenpowerx/paradam.loc/vendor/yiisoft/yii2/base/InlineAction.php:57
[30-Dec-2019 12:40:03 Europe/Kiev] PHP   9. danog\MadelineProto\API->__construct(...$params = variadic(*uninitialized*, *uninitialized*)) /Users/serik_lav/Documents/sevenpowerx/paradam.loc/modules/services/controllers/TelegramController.php:45
[30-Dec-2019 12:40:03 Europe/Kiev] PHP  10. danog\MadelineProto\API->__magic_construct($params = *uninitialized*, $settings = *uninitialized*) /Users/serik_lav/Documents/sevenpowerx/paradam.loc/vendor/danog/magicalserializer/src/danog/Serializable.php:35
[30-Dec-2019 12:40:03 Europe/Kiev] PHP  11. danog\MadelineProto\API->setInitPromise($promise = *uninitialized*) /Users/serik_lav/Documents/sevenpowerx/paradam.loc/vendor/danog/madelineproto/src/danog/MadelineProto/API.php:87
[30-Dec-2019 12:40:03 Europe/Kiev] PHP  12. danog\MadelineProto\Tools::callFork($promise = *uninitialized*, $actual = *uninitialized*, $file = *uninitialized*) /Users/serik_lav/Documents/sevenpowerx/paradam.loc/vendor/danog/madelineproto/src/danog/MadelineProto/Async/AsyncConstruct.php:74
[30-Dec-2019 12:40:03 Europe/Kiev] PHP  13. danog\MadelineProto\Coroutine->__construct($generator = *uninitialized*, $trace = *uninitialized*) /Users/serik_lav/Documents/sevenpowerx/paradam.loc/vendor/danog/madelineproto/src/danog/MadelineProto/Tools.php:461
[30-Dec-2019 12:40:03 Europe/Kiev] PHP  14. Amp\Success->onResolve($onResolved = *uninitialized*) /Users/serik_lav/Documents/sevenpowerx/paradam.loc/vendor/danog/madelineproto/src/danog/MadelineProto/Coroutine.php:178
[30-Dec-2019 12:40:03 Europe/Kiev] PHP  15. danog\MadelineProto\Coroutine->danog\MadelineProto\{closure:/Users/serik_lav/Documents/sevenpowerx/paradam.loc/vendor/danog/madelineproto/src/danog/MadelineProto/Coroutine.php:123-177}($exception = *uninitialized*, $value = *uninitialized*) /Users/serik_lav/Documents/sevenpowerx/paradam.loc/vendor/amphp/amp/lib/Success.php:36
[30-Dec-2019 12:40:03 Europe/Kiev] PHP  16. Generator->send(*uninitialized*) /Users/serik_lav/Documents/sevenpowerx/paradam.loc/vendor/danog/madelineproto/src/danog/MadelineProto/Coroutine.php:139
[30-Dec-2019 12:40:03 Europe/Kiev] PHP  17. danog\MadelineProto\API->__construct_async($params = *uninitialized*, $settings = *uninitialized*, $deferred = *uninitialized*) /Users/serik_lav/Documents/sevenpowerx/paradam.loc/vendor/danog/madelineproto/src/danog/MadelineProto/Coroutine.php:139
[30-Dec-2019 12:40:03 Europe/Kiev] PHP  18. danog\MadelineProto\MTProto->__construct(...$params = variadic(*uninitialized*)) /Users/serik_lav/Documents/sevenpowerx/paradam.loc/vendor/danog/madelineproto/src/danog/MadelineProto/API.php:217
[30-Dec-2019 12:40:03 Europe/Kiev] PHP  19. danog\MadelineProto\MTProto->__magic_construct($settings = *uninitialized*) /Users/serik_lav/Documents/sevenpowerx/paradam.loc/vendor/danog/magicalserializer/src/danog/Serializable.php:35
[30-Dec-2019 12:40:03 Europe/Kiev] PHP  20. danog\MadelineProto\MTProto->setInitPromise($promise = *uninitialized*) /Users/serik_lav/Documents/sevenpowerx/paradam.loc/vendor/danog/madelineproto/src/danog/MadelineProto/MTProto.php:453
[30-Dec-2019 12:40:03 Europe/Kiev] PHP  21. danog\MadelineProto\Tools::callFork($promise = *uninitialized*, $actual = *uninitialized*, $file = *uninitialized*) /Users/serik_lav/Documents/sevenpowerx/paradam.loc/vendor/danog/madelineproto/src/danog/MadelineProto/Async/AsyncConstruct.php:74
[30-Dec-2019 12:40:03 Europe/Kiev] PHP  22. danog\MadelineProto\Coroutine->__construct($generator = *uninitialized*, $trace = *uninitialized*) /Users/serik_lav/Documents/sevenpowerx/paradam.loc/vendor/danog/madelineproto/src/danog/MadelineProto/Tools.php:461
[30-Dec-2019 12:40:03 Europe/Kiev] PHP  23. danog\MadelineProto\Coroutine->onResolve($onResolved = *uninitialized*) /Users/serik_lav/Documents/sevenpowerx/paradam.loc/vendor/danog/madelineproto/src/danog/MadelineProto/Coroutine.php:178
[30-Dec-2019 12:40:03 Europe/Kiev] PHP  24. danog\MadelineProto\Coroutine->danog\MadelineProto\{closure:/Users/serik_lav/Documents/sevenpowerx/paradam.loc/vendor/danog/madelineproto/src/danog/MadelineProto/Coroutine.php:123-177}($exception = *uninitialized*, $value = *uninitialized*) /Users/serik_lav/Documents/sevenpowerx/paradam.loc/vendor/amphp/amp/lib/Internal/Placeholder.php:43
[30-Dec-2019 12:40:03 Europe/Kiev] PHP  25. danog\MadelineProto\Coroutine->__construct($generator = *uninitialized*, $trace = *uninitialized*) /Users/serik_lav/Documents/sevenpowerx/paradam.loc/vendor/danog/madelineproto/src/danog/MadelineProto/Coroutine.php:161
[30-Dec-2019 12:40:03 Europe/Kiev] PHP  26. Generator->current() /Users/serik_lav/Documents/sevenpowerx/paradam.loc/vendor/danog/madelineproto/src/danog/MadelineProto/Coroutine.php:77
[30-Dec-2019 12:40:03 Europe/Kiev] PHP  27. danog\MadelineProto\MTProto->connectToAllDcs($reconnectAll = *uninitialized*) /Users/serik_lav/Documents/sevenpowerx/paradam.loc/vendor/danog/madelineproto/src/danog/MadelineProto/Coroutine.php:77
[30-Dec-2019 12:40:03 Europe/Kiev] PHP  28. danog\MadelineProto\Tools::all($promises = *uninitialized*) /Users/serik_lav/Documents/sevenpowerx/paradam.loc/vendor/danog/madelineproto/src/danog/MadelineProto/MTProto.php:1486
[30-Dec-2019 12:40:03 Europe/Kiev] PHP  29. danog\MadelineProto\Tools::call($promise = *uninitialized*) /Users/serik_lav/Documents/sevenpowerx/paradam.loc/vendor/danog/madelineproto/src/danog/MadelineProto/Tools.php:351
[30-Dec-2019 12:40:03 Europe/Kiev] PHP  30. danog\MadelineProto\Coroutine->__construct($generator = *uninitialized*, $trace = *uninitialized*) /Users/serik_lav/Documents/sevenpowerx/paradam.loc/vendor/danog/madelineproto/src/danog/MadelineProto/Tools.php:429
[30-Dec-2019 12:40:03 Europe/Kiev] PHP  31. Generator->current() /Users/serik_lav/Documents/sevenpowerx/paradam.loc/vendor/danog/madelineproto/src/danog/MadelineProto/Coroutine.php:77
[30-Dec-2019 12:40:03 Europe/Kiev] PHP  32. danog\MadelineProto\DataCenter->dcConnect($dc_number = *uninitialized*, $id = *uninitialized*) /Users/serik_lav/Documents/sevenpowerx/paradam.loc/vendor/danog/madelineproto/src/danog/MadelineProto/Coroutine.php:77
[30-Dec-2019 12:40:03 Europe/Kiev] PHP  33. danog\MadelineProto\DataCenter->generateContexts($dc_number = *uninitialized*, $uri = *uninitialized*, $context = *uninitialized*) /Users/serik_lav/Documents/sevenpowerx/paradam.loc/vendor/danog/madelineproto/src/danog/MadelineProto/DataCenter.php:270
[30-Dec-2019 12:40:03 Europe/Kiev] PHP  34. spl_autoload_call(*uninitialized*) /Users/serik_lav/Documents/sevenpowerx/paradam.loc/vendor/danog/madelineproto/src/danog/MadelineProto/DataCenter.php:313
[30-Dec-2019 12:40:03 Europe/Kiev] PHP  35. Composer\Autoload\ClassLoader->loadClass($class = *uninitialized*) /Users/serik_lav/Documents/sevenpowerx/paradam.loc/vendor/danog/madelineproto/src/danog/MadelineProto/DataCenter.php:313
[30-Dec-2019 12:40:03 Europe/Kiev] PHP  36. Composer\Autoload\includeFile($file = *uninitialized*) /Users/serik_lav/Documents/sevenpowerx/paradam.loc/vendor/composer/ClassLoader.php:322
[30-Dec-2019 12:40:03 Europe/Kiev] PHP  37. include() /Users/serik_lav/Documents/sevenpowerx/paradam.loc/vendor/composer/ClassLoader.php:444
[30-Dec-2019 12:41:11 Europe/Kiev] Enabled PHP logging
[30-Dec-2019 12:41:12 Europe/Kiev] Enabled PHP logging
[30-Dec-2019 12:41:12 Europe/Kiev] Enabled PHP logging
[30-Dec-2019 12:41:12 Europe/Kiev] PHP Fatal error:  Declaration of danog\MadelineProto\Stream\Transport\DefaultStream::getSocket(): Amp\Socket\EncryptableSocket must be compatible with danog\MadelineProto\Stream\StreamInterface::getSocket(): Amp\Socket\Socket in /Users/serik_lav/Documents/sevenpowerx/paradam.loc/vendor/danog/madelineproto/src/danog/MadelineProto/Stream/Transport/DefaultStream.php on line 40
[30-Dec-2019 12:41:12 Europe/Kiev] PHP Stack trace:
[30-Dec-2019 12:41:12 Europe/Kiev] PHP   1. {main}() /Users/serik_lav/Documents/sevenpowerx/paradam.loc/web/index.php:0
[30-Dec-2019 12:41:12 Europe/Kiev] PHP   2. yii\web\Application->run() /Users/serik_lav/Documents/sevenpowerx/paradam.loc/web/index.php:17
[30-Dec-2019 12:41:12 Europe/Kiev] PHP   3. yii\web\Application->handleRequest($request = *uninitialized*) /Users/serik_lav/Documents/sevenpowerx/paradam.loc/vendor/yiisoft/yii2/base/Application.php:386
[30-Dec-2019 12:41:12 Europe/Kiev] PHP   4. yii\web\Application->runAction($route = *uninitialized*, $params = *uninitialized*) /Users/serik_lav/Documents/sevenpowerx/paradam.loc/vendor/yiisoft/yii2/web/Application.php:103
[30-Dec-2019 12:41:12 Europe/Kiev] PHP   5. app\modules\services\controllers\TelegramController->runAction($id = *uninitialized*, $params = *uninitialized*) /Users/serik_lav/Documents/sevenpowerx/paradam.loc/vendor/yiisoft/yii2/base/Module.php:528
[30-Dec-2019 12:41:12 Europe/Kiev] PHP   6. yii\base\InlineAction->runWithParams($params = *uninitialized*) /Users/serik_lav/Documents/sevenpowerx/paradam.loc/vendor/yiisoft/yii2/base/Controller.php:157
[30-Dec-2019 12:41:12 Europe/Kiev] PHP   7. call_user_func_array:{/Users/serik_lav/Documents/sevenpowerx/paradam.loc/vendor/yiisoft/yii2/base/InlineAction.php:57}(*uninitialized*, *uninitialized*) /Users/serik_lav/Documents/sevenpowerx/paradam.loc/vendor/yiisoft/yii2/base/InlineAction.php:57
[30-Dec-2019 12:41:12 Europe/Kiev] PHP   8. app\modules\services\controllers\TelegramController->actionMessage() /Users/serik_lav/Documents/sevenpowerx/paradam.loc/vendor/yiisoft/yii2/base/InlineAction.php:57
[30-Dec-2019 12:41:12 Europe/Kiev] PHP   9. danog\MadelineProto\API->__construct(...$params = variadic(*uninitialized*, *uninitialized*)) /Users/serik_lav/Documents/sevenpowerx/paradam.loc/modules/services/controllers/TelegramController.php:45
[30-Dec-2019 12:41:12 Europe/Kiev] PHP  10. danog\MadelineProto\API->__magic_construct($params = *uninitialized*, $settings = *uninitialized*) /Users/serik_lav/Documents/sevenpowerx/paradam.loc/vendor/danog/magicalserializer/src/danog/Serializable.php:35
[30-Dec-2019 12:41:12 Europe/Kiev] PHP  11. danog\MadelineProto\API->setInitPromise($promise = *uninitialized*) /Users/serik_lav/Documents/sevenpowerx/paradam.loc/vendor/danog/madelineproto/src/danog/MadelineProto/API.php:87
[30-Dec-2019 12:41:12 Europe/Kiev] PHP  12. danog\MadelineProto\Tools::callFork($promise = *uninitialized*, $actual = *uninitialized*, $file = *uninitialized*) /Users/serik_lav/Documents/sevenpowerx/paradam.loc/vendor/danog/madelineproto/src/danog/MadelineProto/Async/AsyncConstruct.php:74
[30-Dec-2019 12:41:12 Europe/Kiev] PHP  13. danog\MadelineProto\Coroutine->__construct($generator = *uninitialized*, $trace = *uninitialized*) /Users/serik_lav/Documents/sevenpowerx/paradam.loc/vendor/danog/madelineproto/src/danog/MadelineProto/Tools.php:461
[30-Dec-2019 12:41:12 Europe/Kiev] PHP  14. Amp\Success->onResolve($onResolved = *uninitialized*) /Users/serik_lav/Documents/sevenpowerx/paradam.loc/vendor/danog/madelineproto/src/danog/MadelineProto/Coroutine.php:178
[30-Dec-2019 12:41:12 Europe/Kiev] PHP  15. danog\MadelineProto\Coroutine->danog\MadelineProto\{closure}($exception = *uninitialized*, $value = *uninitialized*) /Users/serik_lav/Documents/sevenpowerx/paradam.loc/vendor/amphp/amp/lib/Success.php:36
[30-Dec-2019 12:41:12 Europe/Kiev] PHP  16. Generator->send(*uninitialized*) /Users/serik_lav/Documents/sevenpowerx/paradam.loc/vendor/danog/madelineproto/src/danog/MadelineProto/Coroutine.php:139
[30-Dec-2019 12:41:12 Europe/Kiev] PHP  17. danog\MadelineProto\API->__construct_async($params = *uninitialized*, $settings = *uninitialized*, $deferred = *uninitialized*) /Users/serik_lav/Documents/sevenpowerx/paradam.loc/vendor/danog/madelineproto/src/danog/MadelineProto/Coroutine.php:139
[30-Dec-2019 12:41:12 Europe/Kiev] PHP  18. danog\MadelineProto\MTProto->__construct(...$params = variadic(*uninitialized*)) /Users/serik_lav/Documents/sevenpowerx/paradam.loc/vendor/danog/madelineproto/src/danog/MadelineProto/API.php:217
[30-Dec-2019 12:41:12 Europe/Kiev] PHP  19. danog\MadelineProto\MTProto->__magic_construct($settings = *uninitialized*) /Users/serik_lav/Documents/sevenpowerx/paradam.loc/vendor/danog/magicalserializer/src/danog/Serializable.php:35
[30-Dec-2019 12:41:12 Europe/Kiev] PHP  20. danog\MadelineProto\MTProto->setInitPromise($promise = *uninitialized*) /Users/serik_lav/Documents/sevenpowerx/paradam.loc/vendor/danog/madelineproto/src/danog/MadelineProto/MTProto.php:453
[30-Dec-2019 12:41:12 Europe/Kiev] PHP  21. danog\MadelineProto\Tools::callFork($promise = *uninitialized*, $actual = *uninitialized*, $file = *uninitialized*) /Users/serik_lav/Documents/sevenpowerx/paradam.loc/vendor/danog/madelineproto/src/danog/MadelineProto/Async/AsyncConstruct.php:74
[30-Dec-2019 12:41:12 Europe/Kiev] PHP  22. danog\MadelineProto\Coroutine->__construct($generator = *uninitialized*, $trace = *uninitialized*) /Users/serik_lav/Documents/sevenpowerx/paradam.loc/vendor/danog/madelineproto/src/danog/MadelineProto/Tools.php:461
[30-Dec-2019 12:41:12 Europe/Kiev] PHP  23. danog\MadelineProto\Coroutine->onResolve($onResolved = *uninitialized*) /Users/serik_lav/Documents/sevenpowerx/paradam.loc/vendor/danog/madelineproto/src/danog/MadelineProto/Coroutine.php:178
[30-Dec-2019 12:41:12 Europe/Kiev] PHP  24. danog\MadelineProto\Coroutine->danog\MadelineProto\{closure}($exception = *uninitialized*, $value = *uninitialized*) /Users/serik_lav/Documents/sevenpowerx/paradam.loc/vendor/amphp/amp/lib/Internal/Placeholder.php:43
[30-Dec-2019 12:41:12 Europe/Kiev] PHP  25. danog\MadelineProto\Coroutine->__construct($generator = *uninitialized*, $trace = *uninitialized*) /Users/serik_lav/Documents/sevenpowerx/paradam.loc/vendor/danog/madelineproto/src/danog/MadelineProto/Coroutine.php:161
[30-Dec-2019 12:41:12 Europe/Kiev] PHP  26. Generator->current() /Users/serik_lav/Documents/sevenpowerx/paradam.loc/vendor/danog/madelineproto/src/danog/MadelineProto/Coroutine.php:77
[30-Dec-2019 12:41:12 Europe/Kiev] PHP  27. danog\MadelineProto\MTProto->connectToAllDcs($reconnectAll = *uninitialized*) /Users/serik_lav/Documents/sevenpowerx/paradam.loc/vendor/danog/madelineproto/src/danog/MadelineProto/Coroutine.php:77
[30-Dec-2019 12:41:12 Europe/Kiev] PHP  28. danog\MadelineProto\Tools::all($promises = *uninitialized*) /Users/serik_lav/Documents/sevenpowerx/paradam.loc/vendor/danog/madelineproto/src/danog/MadelineProto/MTProto.php:1486
[30-Dec-2019 12:41:12 Europe/Kiev] PHP  29. danog\MadelineProto\Tools::call($promise = *uninitialized*) /Users/serik_lav/Documents/sevenpowerx/paradam.loc/vendor/danog/madelineproto/src/danog/MadelineProto/Tools.php:351
[30-Dec-2019 12:41:12 Europe/Kiev] PHP  30. danog\MadelineProto\Coroutine->__construct($generator = *uninitialized*, $trace = *uninitialized*) /Users/serik_lav/Documents/sevenpowerx/paradam.loc/vendor/danog/madelineproto/src/danog/MadelineProto/Tools.php:429
[30-Dec-2019 12:41:12 Europe/Kiev] PHP  31. Generator->current() /Users/serik_lav/Documents/sevenpowerx/paradam.loc/vendor/danog/madelineproto/src/danog/MadelineProto/Coroutine.php:77
[30-Dec-2019 12:41:12 Europe/Kiev] PHP  32. danog\MadelineProto\DataCenter->dcConnect($dc_number = *uninitialized*, $id = *uninitialized*) /Users/serik_lav/Documents/sevenpowerx/paradam.loc/vendor/danog/madelineproto/src/danog/MadelineProto/Coroutine.php:77
[30-Dec-2019 12:41:12 Europe/Kiev] PHP  33. danog\MadelineProto\DataCenter->generateContexts($dc_number = *uninitialized*, $uri = *uninitialized*, $context = *uninitialized*) /Users/serik_lav/Documents/sevenpowerx/paradam.loc/vendor/danog/madelineproto/src/danog/MadelineProto/DataCenter.php:270
[30-Dec-2019 12:41:12 Europe/Kiev] PHP  34. spl_autoload_call(*uninitialized*) /Users/serik_lav/Documents/sevenpowerx/paradam.loc/vendor/danog/madelineproto/src/danog/MadelineProto/DataCenter.php:313
[30-Dec-2019 12:41:12 Europe/Kiev] PHP  35. Composer\Autoload\ClassLoader->loadClass($class = *uninitialized*) /Users/serik_lav/Documents/sevenpowerx/paradam.loc/vendor/danog/madelineproto/src/danog/MadelineProto/DataCenter.php:313
[30-Dec-2019 12:41:12 Europe/Kiev] PHP  36. Composer\Autoload\includeFile($file = *uninitialized*) /Users/serik_lav/Documents/sevenpowerx/paradam.loc/vendor/composer/ClassLoader.php:322
[30-Dec-2019 12:41:12 Europe/Kiev] PHP  37. include() /Users/serik_lav/Documents/sevenpowerx/paradam.loc/vendor/composer/ClassLoader.php:444
[30-Dec-2019 12:43:22 Europe/Kiev] Enabled PHP logging
[30-Dec-2019 12:43:22 Europe/Kiev] Enabled PHP logging
[30-Dec-2019 12:43:22 Europe/Kiev] Enabled PHP logging
[30-Dec-2019 12:43:22 Europe/Kiev] Enabled PHP logging
[30-Dec-2019 12:43:22 Europe/Kiev] Enabled PHP logging
[30-Dec-2019 12:43:23 Europe/Kiev] PHP Fatal error:  Declaration of danog\MadelineProto\Stream\Transport\DefaultStream::getSocket(): Amp\Socket\EncryptableSocket must be compatible with danog\MadelineProto\Stream\StreamInterface::getSocket(): Amp\Socket\Socket in /Users/serik_lav/Documents/sevenpowerx/paradam.loc/vendor/danog/madelineproto/src/danog/MadelineProto/Stream/Transport/DefaultStream.php on line 40
[30-Dec-2019 12:43:23 Europe/Kiev] PHP Stack trace:
[30-Dec-2019 12:43:23 Europe/Kiev] PHP   1. {main}() /Users/serik_lav/Documents/sevenpowerx/paradam.loc/web/index.php:0
[30-Dec-2019 12:43:23 Europe/Kiev] PHP   2. yii\web\Application->run() /Users/serik_lav/Documents/sevenpowerx/paradam.loc/web/index.php:17
[30-Dec-2019 12:43:23 Europe/Kiev] PHP   3. yii\web\Application->handleRequest($request = *uninitialized*) /Users/serik_lav/Documents/sevenpowerx/paradam.loc/vendor/yiisoft/yii2/base/Application.php:386
[30-Dec-2019 12:43:23 Europe/Kiev] PHP   4. yii\web\Application->runAction($route = *uninitialized*, $params = *uninitialized*) /Users/serik_lav/Documents/sevenpowerx/paradam.loc/vendor/yiisoft/yii2/web/Application.php:103
[30-Dec-2019 12:43:23 Europe/Kiev] PHP   5. app\modules\services\controllers\TelegramController->runAction($id = *uninitialized*, $params = *uninitialized*) /Users/serik_lav/Documents/sevenpowerx/paradam.loc/vendor/yiisoft/yii2/base/Module.php:528
[30-Dec-2019 12:43:23 Europe/Kiev] PHP   6. yii\base\InlineAction->runWithParams($params = *uninitialized*) /Users/serik_lav/Documents/sevenpowerx/paradam.loc/vendor/yiisoft/yii2/base/Controller.php:157
[30-Dec-2019 12:43:23 Europe/Kiev] PHP   7. call_user_func_array:{/Users/serik_lav/Documents/sevenpowerx/paradam.loc/vendor/yiisoft/yii2/base/InlineAction.php:57}(*uninitialized*, *uninitialized*) /Users/serik_lav/Documents/sevenpowerx/paradam.loc/vendor/yiisoft/yii2/base/InlineAction.php:57
[30-Dec-2019 12:43:23 Europe/Kiev] PHP   8. app\modules\services\controllers\TelegramController->actionMessage() /Users/serik_lav/Documents/sevenpowerx/paradam.loc/vendor/yiisoft/yii2/base/InlineAction.php:57
[30-Dec-2019 12:43:23 Europe/Kiev] PHP   9. danog\MadelineProto\API->__construct(...$params = variadic(*uninitialized*, *uninitialized*)) /Users/serik_lav/Documents/sevenpowerx/paradam.loc/modules/services/controllers/TelegramController.php:45
[30-Dec-2019 12:43:23 Europe/Kiev] PHP  10. danog\MadelineProto\API->__magic_construct($params = *uninitialized*, $settings = *uninitialized*) /Users/serik_lav/Documents/sevenpowerx/paradam.loc/vendor/danog/magicalserializer/src/danog/Serializable.php:35
[30-Dec-2019 12:43:23 Europe/Kiev] PHP  11. danog\MadelineProto\API->setInitPromise($promise = *uninitialized*) /Users/serik_lav/Documents/sevenpowerx/paradam.loc/vendor/danog/madelineproto/src/danog/MadelineProto/API.php:87
[30-Dec-2019 12:43:23 Europe/Kiev] PHP  12. danog\MadelineProto\Tools::callFork($promise = *uninitialized*, $actual = *uninitialized*, $file = *uninitialized*) /Users/serik_lav/Documents/sevenpowerx/paradam.loc/vendor/danog/madelineproto/src/danog/MadelineProto/Async/AsyncConstruct.php:74
[30-Dec-2019 12:43:23 Europe/Kiev] PHP  13. danog\MadelineProto\Coroutine->__construct($generator = *uninitialized*, $trace = *uninitialized*) /Users/serik_lav/Documents/sevenpowerx/paradam.loc/vendor/danog/madelineproto/src/danog/MadelineProto/Tools.php:461
[30-Dec-2019 12:43:23 Europe/Kiev] PHP  14. Amp\Success->onResolve($onResolved = *uninitialized*) /Users/serik_lav/Documents/sevenpowerx/paradam.loc/vendor/danog/madelineproto/src/danog/MadelineProto/Coroutine.php:178
[30-Dec-2019 12:43:23 Europe/Kiev] PHP  15. danog\MadelineProto\Coroutine->danog\MadelineProto\{closure}($exception = *uninitialized*, $value = *uninitialized*) /Users/serik_lav/Documents/sevenpowerx/paradam.loc/vendor/amphp/amp/lib/Success.php:36
[30-Dec-2019 12:43:23 Europe/Kiev] PHP  16. Generator->send(*uninitialized*) /Users/serik_lav/Documents/sevenpowerx/paradam.loc/vendor/danog/madelineproto/src/danog/MadelineProto/Coroutine.php:139
[30-Dec-2019 12:43:23 Europe/Kiev] PHP  17. danog\MadelineProto\API->__construct_async($params = *uninitialized*, $settings = *uninitialized*, $deferred = *uninitialized*) /Users/serik_lav/Documents/sevenpowerx/paradam.loc/vendor/danog/madelineproto/src/danog/MadelineProto/Coroutine.php:139
[30-Dec-2019 12:43:23 Europe/Kiev] PHP  18. unserialize(*uninitialized*) /Users/serik_lav/Documents/sevenpowerx/paradam.loc/vendor/danog/madelineproto/src/danog/MadelineProto/API.php:128
[30-Dec-2019 12:43:23 Europe/Kiev] PHP  19. danog\MadelineProto\MTProto->__wakeup() /Users/serik_lav/Documents/sevenpowerx/paradam.loc/vendor/danog/madelineproto/src/danog/MadelineProto/API.php:128
[30-Dec-2019 12:43:23 Europe/Kiev] PHP  20. danog\MadelineProto\MTProto->setInitPromise($promise = *uninitialized*) /Users/serik_lav/Documents/sevenpowerx/paradam.loc/vendor/danog/madelineproto/src/danog/MadelineProto/MTProto.php:898
[30-Dec-2019 12:43:23 Europe/Kiev] PHP  21. danog\MadelineProto\Tools::callFork($promise = *uninitialized*, $actual = *uninitialized*, $file = *uninitialized*) /Users/serik_lav/Documents/sevenpowerx/paradam.loc/vendor/danog/madelineproto/src/danog/MadelineProto/Async/AsyncConstruct.php:74
[30-Dec-2019 12:43:23 Europe/Kiev] PHP  22. danog\MadelineProto\Coroutine->__construct($generator = *uninitialized*, $trace = *uninitialized*) /Users/serik_lav/Documents/sevenpowerx/paradam.loc/vendor/danog/madelineproto/src/danog/MadelineProto/Tools.php:461
[30-Dec-2019 12:43:23 Europe/Kiev] PHP  23. danog\MadelineProto\Coroutine->__construct($generator = *uninitialized*, $trace = *uninitialized*) /Users/serik_lav/Documents/sevenpowerx/paradam.loc/vendor/danog/madelineproto/src/danog/MadelineProto/Coroutine.php:109
[30-Dec-2019 12:43:23 Europe/Kiev] PHP  24. danog\MadelineProto\Coroutine->__construct($generator = *uninitialized*, $trace = *uninitialized*) /Users/serik_lav/Documents/sevenpowerx/paradam.loc/vendor/danog/madelineproto/src/danog/MadelineProto/Coroutine.php:109
[30-Dec-2019 12:43:23 Europe/Kiev] PHP  25. danog\MadelineProto\Coroutine->onResolve($onResolved = *uninitialized*) /Users/serik_lav/Documents/sevenpowerx/paradam.loc/vendor/danog/madelineproto/src/danog/MadelineProto/Coroutine.php:178
[30-Dec-2019 12:43:23 Europe/Kiev] PHP  26. danog\MadelineProto\Coroutine->danog\MadelineProto\{closure}($exception = *uninitialized*, $value = *uninitialized*) /Users/serik_lav/Documents/sevenpowerx/paradam.loc/vendor/amphp/amp/lib/Internal/Placeholder.php:43
[30-Dec-2019 12:43:23 Europe/Kiev] PHP  27. danog\MadelineProto\Coroutine->__construct($generator = *uninitialized*, $trace = *uninitialized*) /Users/serik_lav/Documents/sevenpowerx/paradam.loc/vendor/danog/madelineproto/src/danog/MadelineProto/Coroutine.php:161
[30-Dec-2019 12:43:23 Europe/Kiev] PHP  28. Generator->current() /Users/serik_lav/Documents/sevenpowerx/paradam.loc/vendor/danog/madelineproto/src/danog/MadelineProto/Coroutine.php:77
[30-Dec-2019 12:43:23 Europe/Kiev] PHP  29. danog\MadelineProto\MTProto->connectToAllDcs($reconnectAll = *uninitialized*) /Users/serik_lav/Documents/sevenpowerx/paradam.loc/vendor/danog/madelineproto/src/danog/MadelineProto/Coroutine.php:77
[30-Dec-2019 12:43:23 Europe/Kiev] PHP  30. danog\MadelineProto\Tools::all($promises = *uninitialized*) /Users/serik_lav/Documents/sevenpowerx/paradam.loc/vendor/danog/madelineproto/src/danog/MadelineProto/MTProto.php:1486
[30-Dec-2019 12:43:23 Europe/Kiev] PHP  31. danog\MadelineProto\Tools::call($promise = *uninitialized*) /Users/serik_lav/Documents/sevenpowerx/paradam.loc/vendor/danog/madelineproto/src/danog/MadelineProto/Tools.php:351
[30-Dec-2019 12:43:23 Europe/Kiev] PHP  32. danog\MadelineProto\Coroutine->__construct($generator = *uninitialized*, $trace = *uninitialized*) /Users/serik_lav/Documents/sevenpowerx/paradam.loc/vendor/danog/madelineproto/src/danog/MadelineProto/Tools.php:429
[30-Dec-2019 12:43:23 Europe/Kiev] PHP  33. Generator->current() /Users/serik_lav/Documents/sevenpowerx/paradam.loc/vendor/danog/madelineproto/src/danog/MadelineProto/Coroutine.php:77
[30-Dec-2019 12:43:23 Europe/Kiev] PHP  34. danog\MadelineProto\DataCenter->dcConnect($dc_number = *uninitialized*, $id = *uninitialized*) /Users/serik_lav/Documents/sevenpowerx/paradam.loc/vendor/danog/madelineproto/src/danog/MadelineProto/Coroutine.php:77
[30-Dec-2019 12:43:23 Europe/Kiev] PHP  35. danog\MadelineProto\DataCenter->generateContexts($dc_number = *uninitialized*, $uri = *uninitialized*, $context = *uninitialized*) /Users/serik_lav/Documents/sevenpowerx/paradam.loc/vendor/danog/madelineproto/src/danog/MadelineProto/DataCenter.php:270
[30-Dec-2019 12:43:23 Europe/Kiev] PHP  36. spl_autoload_call(*uninitialized*) /Users/serik_lav/Documents/sevenpowerx/paradam.loc/vendor/danog/madelineproto/src/danog/MadelineProto/DataCenter.php:313
[30-Dec-2019 12:43:23 Europe/Kiev] PHP  37. Composer\Autoload\ClassLoader->loadClass($class = *uninitialized*) /Users/serik_lav/Documents/sevenpowerx/paradam.loc/vendor/danog/madelineproto/src/danog/MadelineProto/DataCenter.php:313
[30-Dec-2019 12:43:23 Europe/Kiev] PHP  38. Composer\Autoload\includeFile($file = *uninitialized*) /Users/serik_lav/Documents/sevenpowerx/paradam.loc/vendor/composer/ClassLoader.php:322
[30-Dec-2019 12:43:23 Europe/Kiev] PHP  39. include() /Users/serik_lav/Documents/sevenpowerx/paradam.loc/vendor/composer/ClassLoader.php:444
